-------------------------------------------------------------------------------
Test set: com.openclassrooms.testing.calcul.service.CalculatorServiceTest
-------------------------------------------------------------------------------
Tests run: 1, Failures: 0, Errors: 1, Skipped: 0, Time elapsed: 1.463 s <<< FAILURE! - in com.openclassrooms.testing.calcul.service.CalculatorServiceTest
calculateShouldUseCalculatorForAddition  Time elapsed: 1.393 s  <<< ERROR!
org.mockito.exceptions.misusing.NotAMockException: 

Argument passed to verify() is of type Integer and is not a mock!
Make sure you place the parenthesis correctly!
See the examples of correct verifications:
    verify(mock).someMethod();
    verify(mock, times(10)).someMethod();
    verify(mock, atLeastOnce()).someMethod();
	at com.openclassrooms.testing.calcul.service.CalculatorServiceTest.calculateShouldUseCalculatorForAddition(CalculatorServiceTest.java:34)

