<?xml version="1.0" encoding="UTF-8"?>
<testsuite xmlns:xsi="http://www.w3.org/2001/XMLSchema-instance" xsi:noNamespaceSchemaLocation="https://maven.apache.org/surefire/maven-surefire-plugin/xsd/surefire-test-report.xsd" name="fr.spark.pfe.calcul.domain.CalculatorTest" time="0.063" tests="2" errors="2" skipped="0" failures="0">
  <properties>
[...]
</properties>
  <testcase name="testAddTwoPositiveNumbers" classname="fr.spark.pfe.calcul.domain.CalculatorTest" time="0.031">
    <error type="java.lang.NullPointerException">java.lang.NullPointerException
	at fr.spark.pfe.calcul.domain.CalculatorTest.initCalculator(CalculatorTest.java:45)
</error>
    <system-out><![CDATA[Appel avant tous les tests
]]></system-out>
  </testcase>
  <testcase name="multiply_shouldReturnTheProduct_ofTwoIntegers" classname="fr.spark.pfe.calcul.domain.CalculatorTest" time="0">
    <error type="java.lang.NullPointerException">java.lang.NullPointerException
	at fr.spark.pfe.calcul.domain.CalculatorTest.initCalculator(CalculatorTest.java:45)
</error>
  </testcase>
</testsuite>